[3J[H[J[3J[H[J************************************************************************
*         (1) - Rank mirrors.                                          *
*         (2) - Install packages.                                      *
*         (3) - Configure I3-gaps.                                     *
*         (4) - Exit.                                                  *
************************************************************************
[3J[H[J[multilib] >> /etc/pacman.conf
Installing xorg and drivers.
:: Há 51 membros no grupo xorg:
:: Repositório extra
   1) xf86-video-vesa  2) xorg-bdftopcf  3) xorg-docs  4) xorg-font-util  5) xorg-fonts-100dpi  6) xorg-fonts-75dpi  7) xorg-fonts-encodings  8) xorg-iceauth  9) xorg-luit  10) xorg-mkfontdir  11) xorg-mkfontscale  12) xorg-server  13) xorg-server-common  14) xorg-server-devel  15) xorg-server-xdmx  16) xorg-server-xephyr  17) xorg-server-xnest  18) xorg-server-xvfb  19) xorg-server-xwayland  20) xorg-sessreg  21) xorg-setxkbmap  22) xorg-smproxy  23) xorg-x11perf  24) xorg-xauth  25) xorg-xbacklight  26) xorg-xcmsdb  27) xorg-xcursorgen  28) xorg-xdpyinfo  29) xorg-xdriinfo  30) xorg-xev  31) xorg-xgamma  32) xorg-xhost  33) xorg-xinput  34) xorg-xkbcomp  35) xorg-xkbevd  36) xorg-xkbutils  37) xorg-xkill  38) xorg-xlsatoms  39) xorg-xlsclients  40) xorg-xmodmap  41) xorg-xpr  42) xorg-xprop  43) xorg-xrandr  44) xorg-xrdb  45) xorg-xrefresh  46) xorg-xset  47) xorg-xsetroot  48) xorg-xvinfo  49) xorg-xwd  50) xorg-xwininfo  51) xorg-xwud
Installing drivers.
Installing Fonts and required apps
resolvendo dependências...
procurando por pacotes conflitantes...

Pacotes (12) feh-3.1-1  htop-2.2.0-2  i3-gaps-4.16-1  i3status-2.12-1  noto-fonts-20181024-1  ranger-1.9.2-1  rofi-1.5.1-1  rxvt-unicode-9.22-7  scrot-0.8.18-1  terminus-font-4.46-2  ttf-font-awesome-5.5.0-1  xterm-337-1

Tamanho total instalado:  86,44 MiB
Alteração no tamanho:    0,00 MiB

:: Continuar a instalação? [S/n] 
verificando chaveiro...
verificando integridade de pacotes...
carregando arquivos do pacote...
verificando arquivos em conflito...
verificando espaço em disco disponível...
:: Processando alterações do pacote...
reinstalando noto-fonts...
reinstalando ttf-font-awesome...
reinstalando terminus-font...
reinstalando htop...
reinstalando xterm...
reinstalando ranger...
reinstalando scrot...
reinstalando feh...
reinstalando rofi...
reinstalando rxvt-unicode...
reinstalando i3status...
reinstalando i3-gaps...
:: Executando hooks pós-transação...
(1/3) Updating fontconfig cache...
(2/3) Arming ConditionNeedsUpdate...
(3/3) Updating X fontdir indices...
[3J[H[J[3J[H[J************************************************************************
*         (1) - Rank mirrors.                                          *
*         (2) - Install packages.                                      *
*         (3) - Configure I3-gaps.                                     *
*         (4) - Exit.                                                  *
************************************************************************
